Log file open, 06/12/18 10:38:39
LogWindows: Failed to load 'aqProf.dll' (GetLastError=126)
LogWindows: File 'aqProf.dll' does not exist
LogWindows: Failed to load 'VSPerf140.dll' (GetLastError=126)
LogWindows: File 'VSPerf140.dll' does not exist
LogWindows: Failed to load 'VtuneApi.dll' (GetLastError=126)
LogWindows: File 'VtuneApi.dll' does not exist
LogWindows: Failed to load 'VtuneApi32e.dll' (GetLastError=126)
LogWindows: File 'VtuneApi32e.dll' does not exist
LogInit: Display: Running engine for game: BatteryCollector
LogPlatformFile: Not using cached read wrapper
LogInit: Display: RandInit(761978436) SRandInit(761978436).
LogInit: Read version file with build ID '3709383'
LogInit: Overriding engine version to CL 3832480, compatible CL 3709383
LogInit: Registered custom module enumerator with build ID '3709383'
LogTaskGraph: Started task graph with 5 named threads and 14 total threads with 3 sets of task threads.
LogStats: Stats thread started at 0.185358
LogD3D11RHI: Aftermath initialized
LogPluginManager: Mounting plugin Paper2D
LogPluginManager: Mounting plugin LightPropagationVolume
LogPluginManager: Mounting plugin CodeLiteSourceCodeAccess
LogPluginManager: Mounting plugin GitSourceControl
LogPluginManager: Mounting plugin KDevelopSourceCodeAccess
LogPluginManager: Mounting plugin NullSourceCodeAccess
LogPluginManager: Mounting plugin PerforceSourceControl
LogPluginManager: Mounting plugin SubversionSourceControl
LogPluginManager: Mounting plugin UObjectPlugin
LogPluginManager: Mounting plugin VisualStudioCodeSourceCodeAccess
LogPluginManager: Mounting plugin VisualStudioSourceCodeAccess
LogPluginManager: Mounting plugin XCodeSourceCodeAccess
LogPluginManager: Mounting plugin AssetManagerEditor
LogPluginManager: Mounting plugin AudioCapture
LogPluginManager: Mounting plugin FacialAnimation
LogPluginManager: Mounting plugin GameplayTagsEditor
LogPluginManager: Mounting plugin MobileLauncherProfileWizard
LogPluginManager: Mounting plugin PluginBrowser
LogPluginManager: Mounting plugin SpeedTreeImporter
LogPluginManager: Mounting plugin AlembicImporter
LogPluginManager: Mounting plugin CharacterAI
LogPluginManager: Mounting plugin HTML5Networking
LogPluginManager: Mounting plugin AndroidMedia
LogPluginManager: Mounting plugin AvfMedia
LogPluginManager: Mounting plugin ImgMedia
LogPluginManager: Mounting plugin MediaCompositing
LogPluginManager: Mounting plugin MediaPlayerEditor
LogPluginManager: Mounting plugin WmfMedia
LogPluginManager: Mounting plugin TcpMessaging
LogPluginManager: Mounting plugin UdpMessaging
LogPluginManager: Mounting plugin ActorSequence
LogPluginManager: Mounting plugin LevelSequenceEditor
LogPluginManager: Mounting plugin MatineeToLevelSequence
LogPluginManager: Mounting plugin OnlineSubsystemGooglePlay
LogPluginManager: Mounting plugin OnlineSubsystemIOS
LogPluginManager: Mounting plugin OnlineSubsystem
LogPluginManager: Mounting plugin OnlineSubsystemNull
LogPluginManager: Mounting plugin OnlineSubsystemUtils
LogPluginManager: Mounting plugin AndroidDeviceProfileSelector
LogPluginManager: Mounting plugin AndroidMoviePlayer
LogPluginManager: Mounting plugin AndroidPermission
LogPluginManager: Mounting plugin AppleARKit
LogPluginManager: Mounting plugin AppleMoviePlayer
LogPluginManager: Mounting plugin ArchVisCharacter
LogPluginManager: Mounting plugin CableComponent
LogPluginManager: Mounting plugin CustomMeshComponent
LogPluginManager: Mounting plugin ExampleDeviceProfileSelector
LogPluginManager: Mounting plugin GoogleCloudMessaging
LogPluginManager: Mounting plugin ImmediatePhysics
LogPluginManager: Mounting plugin IOSDeviceProfileSelector
LogPluginManager: Mounting plugin LinuxDeviceProfileSelector
LogPluginManager: Mounting plugin LocationServicesBPLibrary
LogPluginManager: Mounting plugin MobilePatchingUtils
LogPluginManager: Mounting plugin OculusVR
LogPluginManager: Plugin shader directory ../../../Engine/Plugins/Runtime/Oculus/OculusVR/Shaders found
LogPluginManager: Mapping shader source directory ../../../Engine/Plugins/Runtime/Oculus/OculusVR/Shaders to virtual directory /Plugin/OculusVR
LogPluginManager: Mounting plugin PhysXVehicles
LogPluginManager: Mounting plugin ProceduralMeshComponent
LogPluginManager: Mounting plugin RuntimePhysXCooking
LogPluginManager: Mounting plugin SteamVR
LogPluginManager: Mounting plugin WindowsMoviePlayer
LogModuleManager: Display: Found up-to-date module file ../../../../../../Git_Fast/BatteryCollector/Binaries/Win64/UE4Editor-BatteryCollector.dll (API version 3709383).
LogModuleManager: Display: Found up-to-date module file ../../../Engine/Plugins/2D/Paper2D/Binaries/Win64/UE4Editor-Paper2D.dll (API version 3709383).
LogModuleManager: Display: Found up-to-date module file ../../../Engine/Plugins/2D/Paper2D/Binaries/Win64/UE4Editor-Paper2DEditor.dll (API version 3709383).
LogModuleManager: Display: Found up-to-date module file ../../../Engine/Plugins/2D/Paper2D/Binaries/Win64/UE4Editor-PaperSpriteSheetImporter.dll (API version 3709383).
LogModuleManager: Display: Found up-to-date module file ../../../Engine/Plugins/2D/Paper2D/Binaries/Win64/UE4Editor-PaperTiledImporter.dll (API version 3709383).
LogModuleManager: Display: Found up-to-date module file ../../../Engine/Plugins/2D/Paper2D/Binaries/Win64/UE4Editor-SmartSnapping.dll (API version 3709383).
LogModuleManager: Display: Found up-to-date module file ../../../Engine/Plugins/Blendables/LightPropagationVolume/Binaries/Win64/UE4Editor-LightPropagationVolumeRuntime.dll (API version 3709383).
LogModuleManager: Display: Found up-to-date module file ../../../Engine/Plugins/Blendables/LightPropagationVolume/Binaries/Win64/UE4Editor-LightPropagationVolumeEditor.dll (API version 3709383).
LogModuleManager: Display: Found up-to-date module file ../../../Engine/Plugins/Developer/GitSourceControl/Binaries/Win64/UE4Editor-GitSourceControl.dll (API version 3709383).
LogModuleManager: Display: Found up-to-date module file ../../../Engine/Plugins/Developer/PerforceSourceControl/Binaries/Win64/UE4Editor-PerforceSourceControl.dll (API version 3709383).
LogModuleManager: Display: Found up-to-date module file ../../../Engine/Plugins/Developer/SubversionSourceControl/Binaries/Win64/UE4Editor-SubversionSourceControl.dll (API version 3709383).
LogModuleManager: Display: Found up-to-date module file ../../../Engine/Plugins/Developer/UObjectPlugin/Binaries/Win64/UE4Editor-UObjectPlugin.dll (API version 3709383).
LogModuleManager: Display: Found up-to-date module file ../../../Engine/Plugins/Developer/VisualStudioCodeSourceCodeAccess/Binaries/Win64/UE4Editor-VisualStudioCodeSourceCodeAccess.dll (API version 3709383).
LogModuleManager: Display: Found up-to-date module file ../../../Engine/Plugins/Developer/VisualStudioSourceCodeAccess/Binaries/Win64/UE4Editor-VisualStudioSourceCodeAccess.dll (API version 3709383).
LogModuleManager: Display: Found up-to-date module file ../../../Engine/Plugins/Editor/AssetManagerEditor/Binaries/Win64/UE4Editor-AssetManagerEditor.dll (API version 3709383).
LogModuleManager: Display: Found up-to-date module file ../../../Engine/Plugins/Editor/AudioCapture/Binaries/Win64/UE4Editor-AudioCapture.dll (API version 3709383).
LogModuleManager: Display: Found up-to-date module file ../../../Engine/Plugins/Editor/FacialAnimation/Binaries/Win64/UE4Editor-FacialAnimation.dll (API version 3709383).
LogModuleManager: Display: Found up-to-date module file ../../../Engine/Plugins/Editor/FacialAnimation/Binaries/Win64/UE4Editor-FacialAnimationEditor.dll (API version 3709383).
LogModuleManager: Display: Found up-to-date module file ../../../Engine/Plugins/Editor/GameplayTagsEditor/Binaries/Win64/UE4Editor-GameplayTagsEditor.dll (API version 3709383).
LogModuleManager: Display: Found up-to-date module file ../../../Engine/Plugins/Editor/MobileLauncherProfileWizard/Binaries/Win64/UE4Editor-MobileLauncherProfileWizard.dll (API version 3709383).
LogModuleManager: Display: Found up-to-date module file ../../../Engine/Plugins/Editor/PluginBrowser/Binaries/Win64/UE4Editor-PluginBrowser.dll (API version 3709383).
LogModuleManager: Display: Found up-to-date module file ../../../Engine/Plugins/Editor/SpeedTreeImporter/Binaries/Win64/UE4Editor-SpeedTreeImporter.dll (API version 3709383).
LogModuleManager: Display: Found up-to-date module file ../../../Engine/Plugins/Experimental/AlembicImporter/Binaries/Win64/UE4Editor-AlembicImporter.dll (API version 3709383).
LogModuleManager: Display: Found up-to-date module file ../../../Engine/Plugins/Experimental/AlembicImporter/Binaries/Win64/UE4Editor-AlembicLibrary.dll (API version 3709383).
LogModuleManager: Display: Found up-to-date module file ../../../Engine/Plugins/Experimental/CharacterAI/Binaries/Win64/UE4Editor-CharacterAI.dll (API version 3709383).
LogModuleManager: Display: Found up-to-date module file ../../../Engine/Plugins/Experimental/HTML5Networking/Binaries/Win64/UE4Editor-HTML5Networking.dll (API version 3709383).
LogModuleManager: Display: Found up-to-date module file ../../../Engine/Plugins/Media/AndroidMedia/Binaries/Win64/UE4Editor-AndroidMediaEditor.dll (API version 3709383).
LogModuleManager: Display: Found up-to-date module file ../../../Engine/Plugins/Media/AndroidMedia/Binaries/Win64/UE4Editor-AndroidMediaFactory.dll (API version 3709383).
LogModuleManager: Display: Found up-to-date module file ../../../Engine/Plugins/Media/AvfMedia/Binaries/Win64/UE4Editor-AvfMediaEditor.dll (API version 3709383).
LogModuleManager: Display: Found up-to-date module file ../../../Engine/Plugins/Media/AvfMedia/Binaries/Win64/UE4Editor-AvfMediaFactory.dll (API version 3709383).
LogModuleManager: Display: Found up-to-date module file ../../../Engine/Plugins/Media/AvfMedia/Binaries/Win64/UE4Editor-AvfMediaFactory.dll (API version 3709383).
LogModuleManager: Display: Found up-to-date module file ../../../Engine/Plugins/Media/ImgMedia/Binaries/Win64/UE4Editor-ImgMedia.dll (API version 3709383).
LogModuleManager: Display: Found up-to-date module file ../../../Engine/Plugins/Media/ImgMedia/Binaries/Win64/UE4Editor-ImgMediaEditor.dll (API version 3709383).
LogModuleManager: Display: Found up-to-date module file ../../../Engine/Plugins/Media/ImgMedia/Binaries/Win64/UE4Editor-ImgMediaFactory.dll (API version 3709383).
LogModuleManager: Display: Found up-to-date module file ../../../Engine/Plugins/Media/ImgMedia/Binaries/Win64/UE4Editor-ImgMediaFactory.dll (API version 3709383).
LogModuleManager: Display: Found up-to-date module file ../../../Engine/Plugins/Media/ImgMedia/Binaries/Win64/UE4Editor-OpenExrWrapper.dll (API version 3709383).
LogModuleManager: Display: Found up-to-date module file ../../../Engine/Plugins/Media/MediaCompositing/Binaries/Win64/UE4Editor-MediaCompositing.dll (API version 3709383).
LogModuleManager: Display: Found up-to-date module file ../../../Engine/Plugins/Media/MediaCompositing/Binaries/Win64/UE4Editor-MediaCompositingEditor.dll (API version 3709383).
LogModuleManager: Display: Found up-to-date module file ../../../Engine/Plugins/Media/MediaPlayerEditor/Binaries/Win64/UE4Editor-MediaPlayerEditor.dll (API version 3709383).
LogModuleManager: Display: Found up-to-date module file ../../../Engine/Plugins/Media/WmfMedia/Binaries/Win64/UE4Editor-WmfMedia.dll (API version 3709383).
LogModuleManager: Display: Found up-to-date module file ../../../Engine/Plugins/Media/WmfMedia/Binaries/Win64/UE4Editor-WmfMediaEditor.dll (API version 3709383).
LogModuleManager: Display: Found up-to-date module file ../../../Engine/Plugins/Media/WmfMedia/Binaries/Win64/UE4Editor-WmfMediaFactory.dll (API version 3709383).
LogModuleManager: Display: Found up-to-date module file ../../../Engine/Plugins/Media/WmfMedia/Binaries/Win64/UE4Editor-WmfMediaFactory.dll (API version 3709383).
LogModuleManager: Display: Found up-to-date module file ../../../Engine/Plugins/Messaging/TcpMessaging/Binaries/Win64/UE4Editor-TcpMessaging.dll (API version 3709383).
LogModuleManager: Display: Found up-to-date module file ../../../Engine/Plugins/Messaging/UdpMessaging/Binaries/Win64/UE4Editor-UdpMessaging.dll (API version 3709383).
LogModuleManager: Display: Found up-to-date module file ../../../Engine/Plugins/MovieScene/ActorSequence/Binaries/Win64/UE4Editor-ActorSequence.dll (API version 3709383).
LogModuleManager: Display: Found up-to-date module file ../../../Engine/Plugins/MovieScene/LevelSequenceEditor/Binaries/Win64/UE4Editor-LevelSequenceEditor.dll (API version 3709383).
LogModuleManager: Display: Found up-to-date module file ../../../Engine/Plugins/MovieScene/MatineeToLevelSequence/Binaries/Win64/UE4Editor-MatineeToLevelSequence.dll (API version 3709383).
LogModuleManager: Display: Found up-to-date module file ../../../Engine/Plugins/Online/OnlineSubsystem/Binaries/Win64/UE4Editor-OnlineSubsystem.dll (API version 3709383).
LogModuleManager: Display: Found up-to-date module file ../../../Engine/Plugins/Online/OnlineSubsystemNull/Binaries/Win64/UE4Editor-OnlineSubsystemNull.dll (API version 3709383).
LogModuleManager: Display: Found up-to-date module file ../../../Engine/Plugins/Online/OnlineSubsystemUtils/Binaries/Win64/UE4Editor-OnlineSubsystemUtils.dll (API version 3709383).
LogModuleManager: Display: Found up-to-date module file ../../../Engine/Plugins/Online/OnlineSubsystemUtils/Binaries/Win64/UE4Editor-OnlineBlueprintSupport.dll (API version 3709383).
LogModuleManager: Display: Found up-to-date module file ../../../Engine/Plugins/Runtime/AndroidDeviceProfileSelector/Binaries/Win64/UE4Editor-AndroidDeviceProfileSelector.dll (API version 3709383).
LogModuleManager: Display: Found up-to-date module file ../../../Engine/Plugins/Runtime/AndroidPermission/Binaries/Win64/UE4Editor-AndroidPermission.dll (API version 3709383).
LogModuleManager: Display: Found up-to-date module file ../../../Engine/Plugins/Runtime/AppleARKit/Binaries/Win64/UE4Editor-AppleARKit.dll (API version 3709383).
LogModuleManager: Display: Found up-to-date module file ../../../Engine/Plugins/Runtime/ArchVisCharacter/Binaries/Win64/UE4Editor-ArchVisCharacter.dll (API version 3709383).
LogModuleManager: Display: Found up-to-date module file ../../../Engine/Plugins/Runtime/CableComponent/Binaries/Win64/UE4Editor-CableComponent.dll (API version 3709383).
LogModuleManager: Display: Found up-to-date module file ../../../Engine/Plugins/Runtime/CustomMeshComponent/Binaries/Win64/UE4Editor-CustomMeshComponent.dll (API version 3709383).
LogModuleManager: Display: Found up-to-date module file ../../../Engine/Plugins/Runtime/ExampleDeviceProfileSelector/Binaries/Win64/UE4Editor-ExampleDeviceProfileSelector.dll (API version 3709383).
LogModuleManager: Display: Found up-to-date module file ../../../Engine/Plugins/Runtime/ImmediatePhysics/Binaries/Win64/UE4Editor-ImmediatePhysics.dll (API version 3709383).
LogModuleManager: Display: Found up-to-date module file ../../../Engine/Plugins/Runtime/ImmediatePhysics/Binaries/Win64/UE4Editor-ImmediatePhysicsEditor.dll (API version 3709383).
LogModuleManager: Display: Found up-to-date module file ../../../Engine/Plugins/Runtime/LocationServicesBPLibrary/Binaries/Win64/UE4Editor-LocationServicesBPLibrary.dll (API version 3709383).
LogModuleManager: Display: Found up-to-date module file ../../../Engine/Plugins/Runtime/MobilePatchingUtils/Binaries/Win64/UE4Editor-MobilePatchingUtils.dll (API version 3709383).
LogModuleManager: Display: Found up-to-date module file ../../../Engine/Plugins/Runtime/Oculus/OculusVR/Binaries/Win64/UE4Editor-OculusHMD.dll (API version 3709383).
LogModuleManager: Display: Found up-to-date module file ../../../Engine/Plugins/Runtime/Oculus/OculusVR/Binaries/Win64/UE4Editor-OculusInput.dll (API version 3709383).
LogModuleManager: Display: Found up-to-date module file ../../../Engine/Plugins/Runtime/Oculus/OculusVR/Binaries/Win64/UE4Editor-OculusEditor.dll (API version 3709383).
LogModuleManager: Display: Found up-to-date module file ../../../Engine/Plugins/Runtime/PhysXVehicles/Binaries/Win64/UE4Editor-PhysXVehicles.dll (API version 3709383).
LogModuleManager: Display: Found up-to-date module file ../../../Engine/Plugins/Runtime/PhysXVehicles/Binaries/Win64/UE4Editor-PhysXVehiclesEditor.dll (API version 3709383).
LogModuleManager: Display: Found up-to-date module file ../../../Engine/Plugins/Runtime/ProceduralMeshComponent/Binaries/Win64/UE4Editor-ProceduralMeshComponent.dll (API version 3709383).
LogModuleManager: Display: Found up-to-date module file ../../../Engine/Plugins/Runtime/ProceduralMeshComponent/Binaries/Win64/UE4Editor-ProceduralMeshComponentEditor.dll (API version 3709383).
LogModuleManager: Display: Found up-to-date module file ../../../Engine/Plugins/Runtime/RuntimePhysXCooking/Binaries/Win64/UE4Editor-RuntimePhysXCooking.dll (API version 3709383).
LogModuleManager: Display: Found up-to-date module file ../../../Engine/Plugins/Runtime/Steam/SteamVR/Binaries/Win64/UE4Editor-SteamVR.dll (API version 3709383).
LogModuleManager: Display: Found up-to-date module file ../../../Engine/Plugins/Runtime/Steam/SteamVR/Binaries/Win64/UE4Editor-SteamVRController.dll (API version 3709383).
LogModuleManager: Display: Found up-to-date module file ../../../Engine/Plugins/Runtime/WindowsMoviePlayer/Binaries/Win64/UE4Editor-WindowsMoviePlayer.dll (API version 3709383).
LogInit: Using libcurl 7.47.1
LogInit:  - built for x86_64-pc-win32
LogInit:  - supports SSL with OpenSSL/1.0.2g
LogInit:  - supports HTTP deflate (compression) using libz 1.2.8
LogInit:  - other features:
LogInit:      CURL_VERSION_SSL
LogInit:      CURL_VERSION_LIBZ
LogInit:      CURL_VERSION_IPV6
LogInit:      CURL_VERSION_ASYNCHDNS
LogInit:      CURL_VERSION_LARGEFILE
LogInit:      CURL_VERSION_IDN
LogInit:  CurlRequestOptions (configurable via config and command line):
LogInit:  - bVerifyPeer = false  - Libcurl will NOT verify peer certificate
LogInit:  - bUseHttpProxy = false  - Libcurl will NOT use HTTP proxy
LogInit:  - bDontReuseConnections = false  - Libcurl will reuse connections
LogInit:  - CertBundlePath = nullptr  - Libcurl will use whatever was configured at build time.
LogInit: Build: ++UE4+Release-4.18-CL-3832480
LogInit: Engine Version: 4.18.3-3832480+++UE4+Release-4.18
LogInit: Compatible Engine Version: 4.18.0-3709383+++UE4+Release-4.18
LogInit: Net CL: 3709383
LogDevObjectVersion: Number of dev versions registered: 16
LogDevObjectVersion:   Dev-Blueprints (B0D832E4-1F89-4F0D-ACCF-7EB736FD4AA2): 10
LogDevObjectVersion:   Dev-Build (E1C64328-A22C-4D53-A36C-8E866417BD8C): 0
LogDevObjectVersion:   Dev-Core (375EC13C-06E4-48FB-B500-84F0262A717E): 2
LogDevObjectVersion:   Dev-Editor (E4B068ED-F494-42E9-A231-DA0B2E46BB41): 20
LogDevObjectVersion:   Dev-Framework (CFFC743F-43B0-4480-9391-14DF171D2073): 30
LogDevObjectVersion:   Dev-Mobile (B02B49B5-BB20-44E9-A304-32B752E40360): 0
LogDevObjectVersion:   Dev-Networking (A4E4105C-59A1-49B5-A7C5-40C4547EDFEE): 0
LogDevObjectVersion:   Dev-Online (39C831C9-5AE6-47DC-9A44-9C173E1C8E7C): 0
LogDevObjectVersion:   Dev-Physics (78F01B33-EBEA-4F98-B9B4-84EACCB95AA2): 0
LogDevObjectVersion:   Dev-Platform (6631380F-2D4D-43E0-8009-CF276956A95A): 0
LogDevObjectVersion:   Dev-Rendering (12F88B9F-8875-4AFC-A67C-D90C383ABD29): 20
LogDevObjectVersion:   Dev-Sequencer (7B5AE74C-D270-4C10-A958-57980B212A5A): 4
LogDevObjectVersion:   Dev-VR (D7296918-1DD6-4BDD-9DE2-64A83CC13884): 0
LogDevObjectVersion:   Dev-LoadTimes (C2A15278-BFE7-4AFE-6C17-90FF531DF755): 1
LogDevObjectVersion:   Private-Geometry (6EACA3D4-40EC-4CC1-B786-8BED09428FC5): 1
LogDevObjectVersion:   Dev-AnimPhys (29E575DD-E0A3-4627-9D10-D276232CDCEA): 12
LogInit: Compiled (64-bit): Jan 12 2018 02:04:55
LogInit: Compiled with Visual C++: 19.00.24215.01
LogInit: Build Configuration: Development
LogInit: Branch Name: ++UE4+Release-4.18
LogInit: Command line: -EpicPortal 
LogInit: Base directory: C:/Program Files/Epic Games/UE_4.18/Engine/Binaries/Win64/
LogInit: Installed Engine Build: 1
LogInit: Presizing for max 8388607 objects, including 0 objects not considered by GC, pre-allocating 0 bytes for permanent pool.
LogInit: Object subsystem initialized
[2018.06.12-14.38.42:083][  0]LogInit: Selected Device Profile: [Windows]
[2018.06.12-14.38.42:083][  0]LogInit: Applying CVar settings loaded from the selected device profile: [Windows]
[2018.06.12-14.38.42:098][  0]LogInit: Computer: BEN-DESKTOP
[2018.06.12-14.38.42:098][  0]LogInit: User: Ben
[2018.06.12-14.38.42:098][  0]LogInit: CPU Page size=4096, Cores=4
[2018.06.12-14.38.42:098][  0]LogInit: High frequency timer resolution =10.000000 MHz
[2018.06.12-14.38.42:098][  0]LogMemory: Memory total: Physical=15.9GB (16GB approx)
[2018.06.12-14.38.42:098][  0]LogMemory: Platform Memory Stats for Windows
[2018.06.12-14.38.42:098][  0]LogMemory: Process Physical Memory: 271.81 MB used, 271.81 MB peak
[2018.06.12-14.38.42:098][  0]LogMemory: Process Virtual Memory: 269.69 MB used, 269.69 MB peak
[2018.06.12-14.38.42:098][  0]LogMemory: Physical Memory: 6117.70 MB used,  10214.91 MB free, 16332.62 MB total
[2018.06.12-14.38.42:098][  0]LogMemory: Virtual Memory: 4773.94 MB used,  10214.91 MB free, 134217728.00 MB total
[2018.06.12-14.38.42:357][  0]LogInit: Using OS detected language (en-US).
[2018.06.12-14.38.42:357][  0]LogInit: Using OS detected locale (en-US).
[2018.06.12-14.38.42:362][  0]LogTextLocalizationManager: No specific localization for 'en-US' exists, so the 'en' localization will be used.
[2018.06.12-14.38.42:820][  0]LogInit: Setting process to per monitor DPI aware
[2018.06.12-14.38.43:123][  0]LogD3D11RHI: D3D11 adapters:
[2018.06.12-14.38.43:200][  0]LogD3D11RHI:    0. 'NVIDIA GeForce GTX 1070' (Feature Level 11_0)
[2018.06.12-14.38.43:200][  0]LogD3D11RHI:       8088/0/8166 MB DedicatedVideo/DedicatedSystem/SharedSystem, Outputs:2, VendorId:0x10de
[2018.06.12-14.38.43:202][  0]LogD3D11RHI:    1. 'Microsoft Basic Render Driver' (Feature Level 11_0)
[2018.06.12-14.38.43:202][  0]LogD3D11RHI:       0/0/8166 MB DedicatedVideo/DedicatedSystem/SharedSystem, Outputs:0, VendorId:0x1414
[2018.06.12-14.38.43:202][  0]LogD3D11RHI: Chosen D3D11 Adapter: 0
[2018.06.12-14.38.43:209][  0]LogD3D11RHI: Creating new Direct3DDevice
[2018.06.12-14.38.43:209][  0]LogD3D11RHI:     GPU DeviceId: 0x1b81 (for the marketing name, search the web for "GPU Device Id")
[2018.06.12-14.38.43:209][  0]LogWindows: EnumDisplayDevices:
[2018.06.12-14.38.43:209][  0]LogWindows:    0. 'NVIDIA GeForce GTX 1070' (P:1 D:1)
[2018.06.12-14.38.43:209][  0]LogWindows:    1. 'NVIDIA GeForce GTX 1070' (P:0 D:1)
[2018.06.12-14.38.43:210][  0]LogWindows:    2. 'NVIDIA GeForce GTX 1070' (P:0 D:0)
[2018.06.12-14.38.43:210][  0]LogWindows:    3. 'NVIDIA GeForce GTX 1070' (P:0 D:0)
[2018.06.12-14.38.43:210][  0]LogWindows: DebugString: GetVideoDriverDetailsInvalid PrimaryIsNotTheChoosenAdapter GetVideoDriverDetailsInvalid PrimaryIsNotTheChoosenAdapter GetVideoDriverDetailsInvalid PrimaryIsNotTheChoosenAdapter GetVideoDriverDetailsInvalid PrimaryIsNotTheChoosenAdapter FoundDriverCount:0 
[2018.06.12-14.38.43:210][  0]LogD3D11RHI:     Adapter Name: NVIDIA GeForce GTX 1070
[2018.06.12-14.38.43:210][  0]LogD3D11RHI:   Driver Version: Unknown (internal:Unknown, unified:Unknown)
[2018.06.12-14.38.43:210][  0]LogD3D11RHI:      Driver Date: Unknown
[2018.06.12-14.38.43:210][  0]LogRHI: Texture pool is 5661 MB (70% of 8088 MB)
[2018.06.12-14.38.43:250][  0]LogD3D11RHI: Async texture creation enabled
[2018.06.12-14.38.43:312][  0]LogD3D11RHI: GPU Timing Frequency: 1000.000000 (Debug: 2 2)
[2018.06.12-14.38.43:406][  0]LogShaderCompilers: Guid format shader working directory is 1 characters bigger than the processId version (../../../../../../Git_Fast/BatteryCollector/Intermediate/Shaders/WorkingDirectory/2632/).
[2018.06.12-14.38.43:406][  0]LogShaderCompilers: Cleaned the shader compiler working directory 'C:/Users/Ben/AppData/Local/Temp/UnrealShaderWorkingDir/93783E9340DAD004F3B8999F35066157/'.
[2018.06.12-14.38.43:406][  0]LogShaderCompilers: Display: Using Local Shader Compiler.
[2018.06.12-14.38.44:423][  0]LogTemp: Display: Loaded TP AllDesktopTargetPlatform
[2018.06.12-14.38.44:479][  0]LogTemp: Display: Loaded TP MacClientTargetPlatform
[2018.06.12-14.38.44:547][  0]LogTemp: Display: Loaded TP MacNoEditorTargetPlatform
[2018.06.12-14.38.44:625][  0]LogTemp: Display: Loaded TP MacServerTargetPlatform
[2018.06.12-14.38.44:690][  0]LogTemp: Display: Loaded TP MacTargetPlatform
[2018.06.12-14.38.44:753][  0]LogTemp: Display: Loaded TP WindowsClientTargetPlatform
[2018.06.12-14.38.44:836][  0]LogTemp: Display: Loaded TP WindowsNoEditorTargetPlatform
[2018.06.12-14.38.44:913][  0]LogTemp: Display: Loaded TP WindowsServerTargetPlatform
[2018.06.12-14.38.44:965][  0]LogTemp: Display: Loaded TP WindowsTargetPlatform
[2018.06.12-14.38.45:040][  0]LogTemp: Display: Loaded TP Android_ASTCTargetPlatform
[2018.06.12-14.38.45:101][  0]LogTemp: Display: Loaded TP Android_ATCTargetPlatform
[2018.06.12-14.38.45:164][  0]LogTemp: Display: Loaded TP Android_DXTTargetPlatform
[2018.06.12-14.38.45:243][  0]LogTemp: Display: Loaded TP Android_ETC1TargetPlatform
[2018.06.12-14.38.45:305][  0]LogTemp: Display: Loaded TP Android_ETC2TargetPlatform
[2018.06.12-14.38.45:449][  0]LogTemp: Display: Loaded TP Android_MultiTargetPlatform
[2018.06.12-14.38.45:449][  0]LogTemp: Display: Loaded TP Android_PVRTCTargetPlatform
[2018.06.12-14.38.45:510][  0]LogTemp: Display: Loaded TP AndroidTargetPlatform
[2018.06.12-14.38.45:559][  0]LogTemp: Display: Loaded TP HTML5TargetPlatform
[2018.06.12-14.38.45:675][  0]LogTemp: Display: Loaded TP IOSTargetPlatform
[2018.06.12-14.38.45:706][  0]LogTemp: Display: Loaded TP TVOSTargetPlatform
[2018.06.12-14.38.45:765][  0]LogTemp: Display: Loaded TP LinuxClientTargetPlatform
[2018.06.12-14.38.45:823][  0]LogTemp: Display: Loaded TP LinuxNoEditorTargetPlatform
[2018.06.12-14.38.45:893][  0]LogTemp: Display: Loaded TP LinuxServerTargetPlatform
[2018.06.12-14.38.45:956][  0]LogTemp: Display: Loaded TP LinuxTargetPlatform
[2018.06.12-14.38.45:956][  0]LogTargetPlatformManager: Display: Building Assets For Windows
[2018.06.12-14.38.46:536][  0]LogDerivedDataCache: Display: Max Cache Size: 512 MB
[2018.06.12-14.38.46:620][  0]LogDerivedDataCache: Loaded boot cache 0.08s 90MB C:/Users/Ben/AppData/Local/UnrealEngine/4.18/DerivedDataCache/Boot.ddc.
[2018.06.12-14.38.46:620][  0]LogDerivedDataCache: Display: Loaded Boot cache: C:/Users/Ben/AppData/Local/UnrealEngine/4.18/DerivedDataCache/Boot.ddc
[2018.06.12-14.38.46:620][  0]LogDerivedDataCache: FDerivedDataBackendGraph:  Pak pak cache file ../../../../../../Git_Fast/BatteryCollector/DerivedDataCache/DDC.ddp not found, will not use a pak cache.
[2018.06.12-14.38.46:620][  0]LogDerivedDataCache: Unable to find inner node Pak for hierarchical cache Hierarchy.
[2018.06.12-14.38.46:620][  0]LogDerivedDataCache: FDerivedDataBackendGraph:  CompressedPak pak cache file ../../../../../../Git_Fast/BatteryCollector/DerivedDataCache/Compressed.ddp not found, will not use a pak cache.
[2018.06.12-14.38.46:620][  0]LogDerivedDataCache: Unable to find inner node CompressedPak for hierarchical cache Hierarchy.
[2018.06.12-14.38.46:640][  0]LogDerivedDataCache: Display: Pak cache opened for reading ../../../Engine/DerivedDataCache/Compressed.ddp.
[2018.06.12-14.38.46:652][  0]LogDerivedDataCache: Using Local data cache path C:/Users/Ben/AppData/Local/UnrealEngine/Common/DerivedDataCache: Writable
[2018.06.12-14.38.46:664][  0]LogMaterial: Verifying Global Shaders for PCD3D_SM5
[2018.06.12-14.38.46:664][  0]LogSlate: Using Freetype 2.6.0
[2018.06.12-14.38.46:665][  0]LogSlate: SlateFontCache - WITH_FREETYPE: 1, WITH_HARFBUZZ: 1
[2018.06.12-14.38.46:665][  0]LogSlate: SlateFontCache - WITH_FREETYPE: 1, WITH_HARFBUZZ: 1
[2018.06.12-14.38.47:076][  0]LogInit: Selected Device Profile: [Windows]
[2018.06.12-14.38.47:494][  0]LogSimplygon: Simplygon DLL not present - disabling.
[2018.06.12-14.38.47:548][  0]LogMeshReduction: Using SimplygonSwarm for distributed automatic mesh merging
[2018.06.12-14.38.47:548][  0]LogMeshReduction: Using QuadricMeshReduction for automatic static mesh reduction
[2018.06.12-14.38.47:548][  0]LogMeshReduction: No automatic skeletal mesh reduction module available
[2018.06.12-14.38.47:548][  0]LogMeshReduction: No automatic mesh merging module available
[2018.06.12-14.38.47:548][  0]LogMeshMerging: No automatic mesh merging module available
[2018.06.12-14.38.47:589][  0]LogNetVersion: BatteryCollector , NetCL: 3709383, EngineNetVer: 2, GameNetVer: 0 (Checksum: 1810626766)
[2018.06.12-14.38.47:790][  0]LogAssetRegistry: FAssetRegistry took 0.0260 seconds to start up
[2018.06.12-14.38.48:434][  0]LogPackageLocalizationCache: Processed 7 localized package path(s) for 2 prioritized culture(s) in 0.063996 seconds
[2018.06.12-14.38.48:440][  0]LogUObjectArray: 35870 objects as part of root set at end of initial load.
[2018.06.12-14.38.48:440][  0]LogUObjectAllocator: 7363704 out of 0 bytes used by permanent object pool.
[2018.06.12-14.38.48:440][  0]LogUObjectArray: CloseDisregardForGC: 0/0 objects in disregard for GC pool
[2018.06.12-14.38.48:530][  0]LogInit: WinSock: version 1.1 (2.2), MaxSocks=32767, MaxUdp=65467
[2018.06.12-14.38.52:125][  0]LogTcpMessaging: Initializing TcpMessaging bridge
[2018.06.12-14.38.52:194][  0]LogUdpMessaging: Initializing bridge on interface 0.0.0.0:0 to multicast group 230.0.0.1:6666.
[2018.06.12-14.38.53:297][  0]LogMaterial: Uniform references updated for custom material expression Custom.
[2018.06.12-14.38.53:838][  0]SourceControl: Source control is disabled
[2018.06.12-14.38.53:838][  0]SourceControl: Source control is disabled
[2018.06.12-14.38.53:908][  0]SourceControl: Source control is disabled
[2018.06.12-14.38.53:992][  0]SourceControl: Source control is disabled
[2018.06.12-14.38.55:099][  0]LogAndroidPermission: UAndroidPermissionCallbackProxy::GetInstance
[2018.06.12-14.38.55:498][  0]LogOcInput: OculusInput pre-init called
[2018.06.12-14.38.55:895][  0]LogEngine: Initializing Engine...
[2018.06.12-14.38.55:926][  0]LogHMD: Failed to initialize OpenVR with code 126
[2018.06.12-14.38.56:167][  0]LogStats: UGameplayTagsManager::ConstructGameplayTagTree: Construct from data asset -  0.000 s
[2018.06.12-14.38.56:167][  0]LogStats: UGameplayTagsManager::ConstructGameplayTagTree: GameplayTagTreeChangedEvent.Broadcast -  0.000 s
[2018.06.12-14.38.56:351][  0]LogAIModule: Creating AISystem for world Untitled
[2018.06.12-14.38.56:364][  0]LogInit: XAudio2 using 'LG ULTRAWIDE (NVIDIA High Definition Audio)' : 2 channels at 48 kHz using 16 bits per sample (channel mask 0x3)
[2018.06.12-14.38.56:380][  0]LogInit: FAudioDevice initialized.
[2018.06.12-14.38.56:473][  0]LogDerivedDataCache: Saved boot cache 0.09s 91MB C:/Users/Ben/AppData/Local/UnrealEngine/4.18/DerivedDataCache/Boot.ddc.
[2018.06.12-14.38.56:490][  0]LogInit: Texture streaming: Enabled
[2018.06.12-14.38.56:614][  0]LogEngineSessionManager: EngineSessionManager initialized
[2018.06.12-14.38.56:797][  0]LogInit: Transaction tracking system initialized
[2018.06.12-14.38.57:220][  0]BlueprintLog: New page: Editor Load
[2018.06.12-14.38.59:275][  0]LocalizationService: Localization service is disabled
[2018.06.12-14.39.00:465][  0]LogConsoleResponse: Display: 
[2018.06.12-14.39.00:718][  0]LogCook: Display: Max memory allowance for cook 16384mb min free memory 0mb
[2018.06.12-14.39.00:718][  0]LogCook: Display: Mobile HDR setting 1
[2018.06.12-14.39.00:718][  0]LogGameplayTags: Display: UGameplayTagsManager::DoneAddingNativeTags. DelegateIsBound: 0
[2018.06.12-14.39.01:267][  0]LogFileCache: Scanning file cache for directory 'C:/Git_Fast/BatteryCollector/Content/' took 0.01s
[2018.06.12-14.39.02:632][  0]SourceControl: Source control is disabled
[2018.06.12-14.39.02:632][  0]Cmd: MAP LOAD FILE="../../../../../../Git_Fast/BatteryCollector/Content/ThirdPersonCPP/Maps/ThirdPersonExampleMap.umap" TEMPLATE=0 SHOWPROGRESS=1 FEATURELEVEL=3
[2018.06.12-14.39.02:633][  0]LightingResults: New page: Lighting Build
[2018.06.12-14.39.02:689][  0]MapCheck: New page: Map Check
[2018.06.12-14.39.02:689][  0]LightingResults: New page: Lighting Build
[2018.06.12-14.39.02:972][  0]LogAIModule: Creating AISystem for world ThirdPersonExampleMap
[2018.06.12-14.39.02:987][  0]LogEditorServer: Finished looking for orphan Actors (0.000 secs)
[2018.06.12-14.39.03:014][  0]Cmd: MAP CHECKDEP NOCLEARLOG
[2018.06.12-14.39.03:108][  0]MapCheck: Map check complete: 0 Error(s), 0 Warning(s), took 93.954ms to complete.
[2018.06.12-14.39.03:108][  0]LogFileHelpers: Loading map 'ThirdPersonExampleMap' took 0.476
[2018.06.12-14.39.03:294][  0]LogCollectionManager: Loaded 0 collections in 0.001919 seconds
[2018.06.12-14.39.03:401][  0]LogFileCache: Scanning file cache for directory 'C:/Git_Fast/BatteryCollector/Saved/Collections/' took 0.01s
[2018.06.12-14.39.03:401][  0]LogFileCache: Scanning file cache for directory 'C:/Git_Fast/BatteryCollector/Content/Developers/Ben/Collections/' took 0.01s
[2018.06.12-14.39.03:401][  0]LogFileCache: Scanning file cache for directory 'C:/Git_Fast/BatteryCollector/Content/Collections/' took 0.01s
[2018.06.12-14.39.03:401][  0]LogCollectionManager: Rebuilt the GUID cache for 0 collections in 0.000001 seconds
[2018.06.12-14.39.03:411][  0]LogContentBrowser: Native class hierarchy populated in 0.0098 seconds. Added 2365 classes and 521 folders.
[2018.06.12-14.39.03:537][  0]LogContentBrowser: Native class hierarchy updated for 'WidgetCarousel' in 0.0013 seconds. Added 0 classes and 0 folders.
[2018.06.12-14.39.03:611][  0]LogContentBrowser: Native class hierarchy updated for 'AddContentDialog' in 0.0016 seconds. Added 0 classes and 0 folders.
[2018.06.12-14.39.03:709][  0]LogContentBrowser: Native class hierarchy updated for 'SceneOutliner' in 0.0017 seconds. Added 1 classes and 2 folders.
[2018.06.12-14.39.03:765][  0]LogSlate: Took 0.000653 seconds to synchronously load lazily loaded font '../../../Engine/Content/Slate/Fonts/Roboto-Regular.ttf' (155K)
[2018.06.12-14.39.03:769][  0]LogSlate: Took 0.000267 seconds to synchronously load lazily loaded font '../../../Engine/Content/Slate/Fonts/Roboto-Bold.ttf' (160K)
[2018.06.12-14.39.03:778][  0]LogSlate: Took 0.000315 seconds to synchronously load lazily loaded font '../../../Engine/Content/Editor/Slate/Fonts/FontAwesome.ttf' (139K)
[2018.06.12-14.39.03:781][  0]LogSlate: Took 0.000252 seconds to synchronously load lazily loaded font '../../../Engine/Content/Editor/Slate/Fonts/DroidSansMono.ttf' (77K)
[2018.06.12-14.39.03:962][  0]LogRenderer: Reallocating scene render targets to support 1616x576 Format 10 NumSamples 1 (Frame:1).
[2018.06.12-14.39.04:232][  0]LogContentBrowser: Native class hierarchy updated for 'HierarchicalLODOutliner' in 0.0012 seconds. Added 1 classes and 2 folders.
[2018.06.12-14.39.04:232][  0]LogLoad: (Engine Initialization) Total time: 26.38 seconds
[2018.06.12-14.39.04:232][  0]LogLoad: (Engine Initialization) Total Blueprint compile time: 0.00 seconds
[2018.06.12-14.39.04:232][  0]LogExternalProfiler: No external profilers were discovered.  External profiling features will not be available.
[2018.06.12-14.39.04:596][  0]LogContentStreaming: Texture pool size now 1000 MB
[2018.06.12-14.39.04:646][  0]LogSlate: Took 0.000214 seconds to synchronously load lazily loaded font '../../../Engine/Content/Slate/Fonts/Roboto-Light.ttf' (159K)
[2018.06.12-14.39.04:917][  1]LogAssetRegistry: Asset discovery search completed in 17.1495 seconds
[2018.06.12-14.39.04:920][  1]LogCollectionManager: Rebuilt the object cache for 0 collections in 0.000001 seconds (found 0 objects)
[2018.06.12-14.39.04:921][  1]LogCollectionManager: Fixed up redirectors for 0 collections in 0.000352 seconds (updated 0 objects)
[2018.06.12-14.46.45:978][ 58]Cmd: MAP LOAD FILE="../../../Engine/Content/Maps/Templates/Template_Default.umap" TEMPLATE=1 SHOWPROGRESS=1 FEATURELEVEL=3
[2018.06.12-14.46.45:985][ 58]LogSlate: Took 0.000199 seconds to synchronously load lazily loaded font '../../../Engine/Content/Slate/Fonts/Roboto-Light.ttf' (159K)
[2018.06.12-14.46.45:997][ 58]LightingResults: New page: Lighting Build
[2018.06.12-14.46.45:998][ 58]LoadErrors: New page: Loading map: Template_Default.umap
[2018.06.12-14.46.46:001][ 58]MapCheck: New page: Map Check
[2018.06.12-14.46.46:001][ 58]LightingResults: New page: Lighting Build
[2018.06.12-14.46.46:087][ 58]LogAIModule: Creating AISystem for world Untitled_1
[2018.06.12-14.46.46:100][ 58]LogEditorServer: Finished looking for orphan Actors (0.000 secs)
[2018.06.12-14.46.46:115][ 58]Cmd: MAP CHECKDEP NOCLEARLOG
[2018.06.12-14.46.46:187][ 58]MapCheck: Map check complete: 0 Error(s), 0 Warning(s), took 71.247ms to complete.
[2018.06.12-14.46.46:187][ 58]LogFileHelpers: Loading map 'Template_Default' took 0.211
[2018.06.12-14.47.18:254][ 62]Cmd: OBJ SAVEPACKAGE PACKAGE="/Game/Maps/CollectionLevel" FILE="../../../../../../Git_Fast/BatteryCollector/Content/Maps/CollectionLevel.umap" SILENT=true AUTOSAVING=false KEEPDIRTY=false
[2018.06.12-14.47.18:302][ 62]LogSavePackage: Save=32.36ms
[2018.06.12-14.47.18:302][ 62]LogSavePackage: Moving '../../../../../../Git_Fast/BatteryCollector/Saved/CollectionLevelBAA6D6054C9308CBABE7A8B3B5F37F87.tmp' to '../../../../../../Git_Fast/BatteryCollector/Content/Maps/CollectionLevel.umap'
[2018.06.12-14.47.18:303][ 62]LogSavePackage: Display: Finished SavePackage ../../../../../../Git_Fast/BatteryCollector/Content/Maps/CollectionLevel.umap
[2018.06.12-14.47.18:325][ 62]Cmd: OBJ SAVEPACKAGE PACKAGE="/Game/Maps/CollectionLevel_BuiltData" FILE="../../../../../../Git_Fast/BatteryCollector/Content/Maps/CollectionLevel_BuiltData.uasset" SILENT=true
[2018.06.12-14.47.18:343][ 62]LogSavePackage: Save=15.51ms
[2018.06.12-14.47.18:344][ 62]LogSavePackage: Moving '../../../../../../Git_Fast/BatteryCollector/Saved/CollectionLevel_BuiltDataB4078E664015BD6CC436B3900F4F6ECE.tmp' to '../../../../../../Git_Fast/BatteryCollector/Content/Maps/CollectionLevel_BuiltData.uasset'
[2018.06.12-14.47.18:345][ 62]LogSavePackage: Display: Finished SavePackage ../../../../../../Git_Fast/BatteryCollector/Content/Maps/CollectionLevel_BuiltData.uasset
[2018.06.12-14.47.18:350][ 62]LogFileHelpers: Saving map 'CollectionLevel' took 0.185
[2018.06.12-14.47.29:476][254]LogSlate: Only BGRA pngs, bmps or icos are supported in by External Image Picker
[2018.06.12-14.47.29:532][255]LogTemp: Executing iPhonePackager certificates Engine -bundlename com.YourCompany.BatteryCollector
[2018.06.12-14.47.29:532][255]LogTemp: CWD: C:\Program Files\Epic Games\UE_4.18\Engine\Binaries\DotNET\IOS
[2018.06.12-14.47.29:533][255]LogTemp: Initial Dir: C:\Program Files\Epic Games\UE_4.18
[2018.06.12-14.47.29:533][255]LogTemp: Env CWD: C:\Program Files\Epic Games\UE_4.18\Engine\Binaries\DotNET\IOS
[2018.06.12-14.47.29:533][255]LogTemp: BranchPath = BEN-DESKTOP/C/Program Files/Epic Games/UE_4.18/Engine/Binaries --- GameBranchPath = BEN-DESKTOP/C/Program Files/Epic Games/UE_4.18/Engine/Binaries
[2018.06.12-14.47.29:559][257]LogTemp: IPP ERROR: Could not find provision directory 'C:\Users\Ben\AppData\Local/Apple Computer/MobileDevice/Provisioning Profiles/'.
[2018.06.12-14.47.43:011][696]LogSlate: Took 0.000244 seconds to synchronously load lazily loaded font '../../../Engine/Content/Slate/Fonts/Roboto-Light.ttf' (159K)
[2018.06.12-14.48.05:275][184]Cmd: OBJ SAVEPACKAGE PACKAGE="/Game/Maps/CollectionLevel" FILE="../../../../../../Git_Fast/BatteryCollector/Content/Maps/CollectionLevel.umap" SILENT=true AUTOSAVING=false KEEPDIRTY=false
[2018.06.12-14.48.05:323][184]LogSavePackage: Save=29.19ms
[2018.06.12-14.48.05:323][184]LogSavePackage: Moving '../../../../../../Git_Fast/BatteryCollector/Saved/CollectionLevel8D3319394B6FF25D9144B9B37A0D32F7.tmp' to '../../../../../../Git_Fast/BatteryCollector/Content/Maps/CollectionLevel.umap'
[2018.06.12-14.48.05:325][184]LogSavePackage: Display: Finished SavePackage ../../../../../../Git_Fast/BatteryCollector/Content/Maps/CollectionLevel.umap
[2018.06.12-14.48.05:349][184]Cmd: OBJ SAVEPACKAGE PACKAGE="/Game/Maps/CollectionLevel_BuiltData" FILE="../../../../../../Git_Fast/BatteryCollector/Content/Maps/CollectionLevel_BuiltData.uasset" SILENT=true
[2018.06.12-14.48.05:372][184]LogSavePackage: Save=13.01ms
[2018.06.12-14.48.05:372][184]LogSavePackage: Moving '../../../../../../Git_Fast/BatteryCollector/Saved/CollectionLevel_BuiltData56523A204C71FFD344B60DB118DDCFC9.tmp' to '../../../../../../Git_Fast/BatteryCollector/Content/Maps/CollectionLevel_BuiltData.uasset'
[2018.06.12-14.48.05:373][184]LogSavePackage: Display: Finished SavePackage ../../../../../../Git_Fast/BatteryCollector/Content/Maps/CollectionLevel_BuiltData.uasset
[2018.06.12-14.48.12:472][930]LogSlate: Only BGRA pngs, bmps or icos are supported in by External Image Picker
[2018.06.12-14.48.12:535][932]LogTemp: Executing iPhonePackager certificates Engine -bundlename com.YourCompany.BatteryCollector
[2018.06.12-14.48.12:535][932]LogTemp: CWD: C:\Program Files\Epic Games\UE_4.18\Engine\Binaries\DotNET\IOS
[2018.06.12-14.48.12:535][932]LogTemp: Initial Dir: C:\Program Files\Epic Games\UE_4.18
[2018.06.12-14.48.12:535][932]LogTemp: Env CWD: C:\Program Files\Epic Games\UE_4.18\Engine\Binaries\DotNET\IOS
[2018.06.12-14.48.12:535][932]LogTemp: BranchPath = BEN-DESKTOP/C/Program Files/Epic Games/UE_4.18/Engine/Binaries --- GameBranchPath = BEN-DESKTOP/C/Program Files/Epic Games/UE_4.18/Engine/Binaries
[2018.06.12-14.48.12:551][933]LogTemp: IPP ERROR: Could not find provision directory 'C:\Users\Ben\AppData\Local/Apple Computer/MobileDevice/Provisioning Profiles/'.
[2018.06.12-14.48.43:027][966]LogEditorViewport: Clicking on Actor (LMB): StaticMeshActor (Floor)
[2018.06.12-14.48.48:110][531]LogEditorActor: Deleted Actor: StaticMeshActor
[2018.06.12-14.48.48:121][531]LogEditorActor: Deleted 1 Actors (0.018 secs)
[2018.06.12-14.49.11:953][963]LogSlate: Took 0.006593 seconds to synchronously load lazily loaded font '../../../Engine/Content/Editor/Slate/Fonts/Roboto-Italic.ttf' (157K)
[2018.06.12-14.49.41:472][176]LogNavigationPoint: PostEditMove Clear paths rebuilt
[2018.06.12-14.49.43:067][352]LogNavigationPoint: PostEditMove Clear paths rebuilt
[2018.06.12-14.49.44:773][541]LogNavigationPoint: PostEditMove Clear paths rebuilt
[2018.06.12-14.49.46:495][707]LogTemp: Repeating last play command: Selected Viewport
[2018.06.12-14.49.46:546][707]LogPlayLevel: PlayLevel: No blueprints needed recompiling
[2018.06.12-14.49.46:547][707]PIE: New page: PIE session: CollectionLevel (Jun 12, 2018, 6:49:46 AM)
[2018.06.12-14.49.46:547][707]LogPlayLevel: Creating play world package: /Game/Maps/UEDPIE_0_CollectionLevel
[2018.06.12-14.49.46:554][707]LogPlayLevel: PIE: StaticDuplicateObject took: (0.006611s)
[2018.06.12-14.49.46:554][707]LogAIModule: Creating AISystem for world CollectionLevel
[2018.06.12-14.49.46:555][707]LogPlayLevel: PIE: World Init took: (0.000865s)
[2018.06.12-14.49.46:555][707]LogPlayLevel: PIE: Created PIE world by copying editor world from /Game/Maps/CollectionLevel.CollectionLevel to /Game/Maps/UEDPIE_0_CollectionLevel.CollectionLevel (0.008203s)
[2018.06.12-14.49.46:597][707]LogInit: XAudio2 using 'LG ULTRAWIDE (NVIDIA High Definition Audio)' : 2 channels at 48 kHz using 16 bits per sample (channel mask 0x3)
[2018.06.12-14.49.46:607][707]LogInit: FAudioDevice initialized.
[2018.06.12-14.49.46:654][707]LogLoad: Game class is 'BatteryCollectorGameMode'
[2018.06.12-14.49.46:657][707]LogWorld: Bringing World /Game/Maps/UEDPIE_0_CollectionLevel.CollectionLevel up for play (max tick rate 0) at 2018.06.12-10.49.46
[2018.06.12-14.49.46:658][707]LogWorld: Bringing up level for play took: 0.001655
[2018.06.12-14.49.46:706][707]LogContentBrowser: Native class hierarchy updated for 'MovieSceneCapture' in 0.0009 seconds. Added 11 classes and 0 folders.
[2018.06.12-14.49.46:708][707]PIE: Play in editor start time for /Game/Maps/UEDPIE_0_CollectionLevel -0.531
[2018.06.12-14.49.58:794][ 95]Cmd: CAMERA ALIGN ACTIVEVIEWPORTONLY
[2018.06.12-14.50.13:152][672]LogNavigationPoint: PostEditMove Clear paths rebuilt
[2018.06.12-14.50.15:270][863]LogNavigationPoint: PostEditMove Clear paths rebuilt
[2018.06.12-14.50.16:141][955]Cmd: OBJ SAVEPACKAGE PACKAGE="/Game/Maps/CollectionLevel" FILE="../../../../../../Git_Fast/BatteryCollector/Content/Maps/CollectionLevel.umap" SILENT=true AUTOSAVING=false KEEPDIRTY=false
[2018.06.12-14.50.16:203][955]LogSavePackage: Save=48.07ms
[2018.06.12-14.50.16:203][955]LogSavePackage: Moving '../../../../../../Git_Fast/BatteryCollector/Saved/CollectionLevelF5C30FFE4571225E3078B9BBA7480784.tmp' to '../../../../../../Git_Fast/BatteryCollector/Content/Maps/CollectionLevel.umap'
[2018.06.12-14.50.16:209][955]LogSavePackage: Display: Finished SavePackage ../../../../../../Git_Fast/BatteryCollector/Content/Maps/CollectionLevel.umap
[2018.06.12-14.50.16:232][955]Cmd: OBJ SAVEPACKAGE PACKAGE="/Game/Maps/CollectionLevel_BuiltData" FILE="../../../../../../Git_Fast/BatteryCollector/Content/Maps/CollectionLevel_BuiltData.uasset" SILENT=true
[2018.06.12-14.50.16:250][955]LogSavePackage: Save=14.51ms
[2018.06.12-14.50.16:250][955]LogSavePackage: Moving '../../../../../../Git_Fast/BatteryCollector/Saved/CollectionLevel_BuiltData293B5237468939A965096781168B1F47.tmp' to '../../../../../../Git_Fast/BatteryCollector/Content/Maps/CollectionLevel_BuiltData.uasset'
[2018.06.12-14.50.16:252][955]LogSavePackage: Display: Finished SavePackage ../../../../../../Git_Fast/BatteryCollector/Content/Maps/CollectionLevel_BuiltData.uasset
[2018.06.12-14.50.19:574][325]LogTemp: Repeating last play command: Selected Viewport
[2018.06.12-14.50.19:588][325]LogPlayLevel: PlayLevel: No blueprints needed recompiling
[2018.06.12-14.50.19:588][325]PIE: New page: PIE session: CollectionLevel (Jun 12, 2018, 6:50:19 AM)
[2018.06.12-14.50.19:589][325]LogPlayLevel: Creating play world package: /Game/Maps/UEDPIE_0_CollectionLevel
[2018.06.12-14.50.19:594][325]LogPlayLevel: PIE: StaticDuplicateObject took: (0.005745s)
[2018.06.12-14.50.19:595][325]LogAIModule: Creating AISystem for world CollectionLevel
[2018.06.12-14.50.19:596][325]LogPlayLevel: PIE: World Init took: (0.000893s)
[2018.06.12-14.50.19:596][325]LogPlayLevel: PIE: Created PIE world by copying editor world from /Game/Maps/CollectionLevel.CollectionLevel to /Game/Maps/UEDPIE_0_CollectionLevel.CollectionLevel (0.007277s)
[2018.06.12-14.50.19:613][325]LogInit: XAudio2 using 'LG ULTRAWIDE (NVIDIA High Definition Audio)' : 2 channels at 48 kHz using 16 bits per sample (channel mask 0x3)
[2018.06.12-14.50.19:622][325]LogInit: FAudioDevice initialized.
[2018.06.12-14.50.19:654][325]LogLoad: Game class is 'BatteryCollectorGameMode'
[2018.06.12-14.50.19:656][325]LogWorld: Bringing World /Game/Maps/UEDPIE_0_CollectionLevel.CollectionLevel up for play (max tick rate 0) at 2018.06.12-10.50.19
[2018.06.12-14.50.19:657][325]LogWorld: Bringing up level for play took: 0.001539
[2018.06.12-14.50.19:659][325]PIE: Play in editor start time for /Game/Maps/UEDPIE_0_CollectionLevel 0.419
[2018.06.12-14.50.29:550][433]MapCheck: New page: Map Check
[2018.06.12-14.50.29:572][433]LightingResults: New page: Lighting Build - Jun 12, 2018, 6:50:29 AM
[2018.06.12-14.50.29:641][433]LogSwarmInterface: [OpenConnection] Registering TCP channel ...
[2018.06.12-14.50.29:727][433]LogSwarmInterface: [OpenConnection] Connecting to agent ...
[2018.06.12-14.50.29:745][433]LogSwarmInterface: [TryOpenConnection] Testing the Agent
[2018.06.12-14.50.30:784][433]LogSwarmInterface: [TryOpenConnection] Opening Connection to Agent
[2018.06.12-14.50.30:784][433]LogSwarmInterface: [TryOpenConnection] Local Process ID is 2632
[2018.06.12-14.50.40:322][433]LogStaticLightingSystem: Warning: No importance volume found, so the scene bounding box was used.  You can optimize your scene's quality and lighting build times by adding importance volumes.
[2018.06.12-14.50.40:323][433]LogStaticLightingSystem: Running Lightmass w/ ImmediateImport mode ENABLED
[2018.06.12-14.50.40:324][433]LogStaticLightingSystem: Running Lightmass w/ ImmediateProcess mode ENABLED
[2018.06.12-14.50.40:324][433]LogStaticLightingSystem: Running Lightmass w/ Sorting mode ENABLED
[2018.06.12-14.50.40:324][433]LogStaticLightingSystem: Running Lightmass w/ Mapping paddings ENABLED
[2018.06.12-14.50.40:324][433]LogStaticLightingSystem: Running Lightmass w/ Mapping debug paddings DISABLED
[2018.06.12-14.50.40:612][433]LogEditorBuildUtils: Build time 0:11
[2018.06.12-14.50.40:623][433]LogMaterial: Missing cached shader map for material FLightmassMaterialRenderer MaterialInstanceDynamic_0, compiling. 
[2018.06.12-14.50.40:659][434]LogMaterial: Missing cached shader map for material FLightmassMaterialRenderer M_Glass_Inst, compiling. 
[2018.06.12-14.50.40:665][434]LogMaterial: Missing cached shader map for material FLightmassMaterialRenderer M_Glass_Inst, compiling. 
[2018.06.12-14.50.40:690][435]LogMaterial: Missing cached shader map for material FLightmassMaterialRenderer M_Glass, compiling. 
[2018.06.12-14.50.40:698][435]LogMaterial: Missing cached shader map for material FLightmassMaterialRenderer M_Glass, compiling. 
[2018.06.12-14.50.40:725][436]LogMaterial: Missing cached shader map for material FLightmassMaterialRenderer M_LightTube_Inst, compiling. 
[2018.06.12-14.50.40:732][436]LogMaterial: Missing cached shader map for material FLightmassMaterialRenderer M_LightTube_Inst, compiling. 
[2018.06.12-14.50.40:760][437]LogMaterial: Missing cached shader map for material FLightmassMaterialRenderer M_DemoWall_Inst, compiling. 
[2018.06.12-14.50.40:767][437]LogMaterial: Missing cached shader map for material FLightmassMaterialRenderer M_DemoWall_Inst, compiling. 
[2018.06.12-14.50.40:819][439]LogMaterial: Missing cached shader map for material FLightmassMaterialRenderer MaterialInstanceDynamic_16, compiling. 
[2018.06.12-14.50.40:828][439]LogMaterial: Missing cached shader map for material FLightmassMaterialRenderer MaterialInstanceDynamic_16, compiling. 
[2018.06.12-14.50.55:022][924]Job is a success!
[2018.06.12-14.50.55:084][925]LogVolumetricLightmapImport: Imported Volumetric Lightmap in 0.015s
[2018.06.12-14.50.55:085][925]LogVolumetricLightmapImport:      Indirection Texture 16x16x16 = 0.0Mb
[2018.06.12-14.50.55:085][925]LogVolumetricLightmapImport:      BrickData 505x5x5 = 0.3Mb
[2018.06.12-14.50.55:085][925]LogVolumetricLightmapImport:      Bricks at Level
[2018.06.12-14.50.55:085][925]LogVolumetricLightmapImport:          0: 1.0% covering 100.0% of volume
[2018.06.12-14.50.55:085][925]LogVolumetricLightmapImport:          1: 4.0% covering 6.3% of volume
[2018.06.12-14.50.55:085][925]LogVolumetricLightmapImport:          2: 95.0% covering 2.3% of volume
[2018.06.12-14.50.56:314][925]LogTexture: Display: Building textures: HQ_Lightmap1_1 (AutoDXT, 1024X1024)
[2018.06.12-14.50.56:314][925]LogTexture: Display: Building textures: LQ_Lightmap_1_1 (DXT1, 1024X1024)
[2018.06.12-14.50.56:314][925]LogTexture: Display: Building textures: HQ_Lightmap1_2 (AutoDXT, 1024X1024)
[2018.06.12-14.50.56:314][925]LogTexture: Display: Building textures: LQ_Lightmap_1_2 (DXT1, 1024X1024)
[2018.06.12-14.50.56:314][925]LogTexture: Display: Building textures: LQ_Lightmap_0_3 (DXT1, 128X128)
[2018.06.12-14.50.56:315][925]LogTexture: Display: Building textures: HQ_Lightmap0_3 (AutoDXT, 128X128)
[2018.06.12-14.50.56:315][925]LogTexture: Display: Building textures: HQ_Lightmap0_4 (AutoDXT, 64X64)
[2018.06.12-14.50.56:315][925]LogTexture: Display: Building textures: LQ_Lightmap_0_4 (DXT1, 64X64)
[2018.06.12-14.50.56:514][925]LogTexture: Display: Building textures: ShadowMapTexture2D_3 (G8, 128X32)
[2018.06.12-14.50.56:514][925]LogTexture: Display: Building textures: ShadowMapTexture2D_4 (G8, 32X32)
[2018.06.12-14.50.56:559][925]LogTexture: Display: Building textures: ShadowMapTexture2D_2 (G8, 1024X1024)
[2018.06.12-14.50.56:589][925]Lightmass on BEN-DESKTOP: 11.9 sec total, 156 ms importing, 56 ms setup, 1.87 sec photons, 9.82 sec processing, 0 ms extra exporting [21/21 mappings]. Threads: 1:08 min total, 42.7 sec processing.
[2018.06.12-14.50.56:614][925]LogStaticLightingSystem: Illumination: 27.0 sec (1.12 sec encoding lightmaps, 238 ms encoding shadowmaps)
[2018.06.12-14.50.56:615][925]LogStaticLightingSystem: Lightmap texture memory:  4.0 MB (4.0 MB streaming, 0.0 MB non-streaming), 8 textures
[2018.06.12-14.50.56:615][925]LogStaticLightingSystem: Shadowmap texture memory: 1.3 MB (1.3 MB streaming, 0.0 MB non-streaming), 3 textures
[2018.06.12-14.50.57:336][925]DumpUnbuiltLightIteractions
[2018.06.12-14.50.57:336][925]Lights with unbuilt interactions: 0
[2018.06.12-14.50.57:336][925]
[2018.06.12-14.50.57:336][925]Primitives with unbuilt interactions: 0
[2018.06.12-14.50.57:345][926]Cmd: MAP CHECK NOTIFYRESULTS
[2018.06.12-14.50.57:345][926]MapCheck: New page: CollectionLevel - Jun 12, 2018, 6:50:57 AM
[2018.06.12-14.50.57:426][926]MapCheck: Map check complete: 0 Error(s), 0 Warning(s), took 80.653ms to complete.
[2018.06.12-14.51.02:668][353]Cmd: OBJ SAVEPACKAGE PACKAGE="/Game/Maps/CollectionLevel" FILE="../../../../../../Git_Fast/BatteryCollector/Content/Maps/CollectionLevel.umap" SILENT=true AUTOSAVING=false KEEPDIRTY=false
[2018.06.12-14.51.02:815][353]LogSavePackage: Save=134.12ms
[2018.06.12-14.51.02:816][353]LogSavePackage: Moving '../../../../../../Git_Fast/BatteryCollector/Saved/CollectionLevel6691DEE64FF7E2646DE3698045D5DDC7.tmp' to '../../../../../../Git_Fast/BatteryCollector/Content/Maps/CollectionLevel.umap'
[2018.06.12-14.51.02:820][353]LogSavePackage: Display: Finished SavePackage ../../../../../../Git_Fast/BatteryCollector/Content/Maps/CollectionLevel.umap
[2018.06.12-14.51.02:843][353]LogFileHelpers: Saving map 'CollectionLevel' took 0.252
[2018.06.12-14.51.02:845][353]Cmd: OBJ SAVEPACKAGE PACKAGE="/Game/Maps/CollectionLevel_BuiltData" FILE="../../../../../../Git_Fast/BatteryCollector/Content/Maps/CollectionLevel_BuiltData.uasset" SILENT=true
[2018.06.12-14.51.03:105][353]LogSavePackage: Save=256.01ms
[2018.06.12-14.51.03:105][353]LogSavePackage: Moving '../../../../../../Git_Fast/BatteryCollector/Saved/CollectionLevel_BuiltData9326E38D43E417B47F4FEE9D6D4299DA.tmp' to '../../../../../../Git_Fast/BatteryCollector/Content/Maps/CollectionLevel_BuiltData.uasset'
[2018.06.12-14.51.03:108][353]LogSavePackage: Display: Finished SavePackage ../../../../../../Git_Fast/BatteryCollector/Content/Maps/CollectionLevel_BuiltData.uasset
[2018.06.12-14.51.57:519][ 65]LogSlate: Took 0.000246 seconds to synchronously load lazily loaded font '../../../Engine/Content/Editor/Slate/Fonts/Roboto-BoldCondensed.ttf' (158K)
[2018.06.12-14.53.03:717][ 20]Running C:/Program Files/Epic Games/UE_4.18/Engine/Binaries/DotNET/UnrealBuildTool.exe  -projectfiles -project="C:/Git_Fast/BatteryCollector/BatteryCollector.uproject" -game -rocket -progress
[2018.06.12-14.53.03:921][ 20]Discovering modules, targets and source code for project...
[2018.06.12-14.53.06:549][ 20]LogSlate: Took 0.000246 seconds to synchronously load lazily loaded font '../../../Engine/Content/Slate/Fonts/Roboto-Regular.ttf' (155K)
[2018.06.12-14.53.07:882][ 20]LogVSAccessor: Warning: Couldn't access Visual Studio
[2018.06.12-14.53.07:890][ 20]Candidate modules for hot reload:
[2018.06.12-14.53.07:890][ 20]  BatteryCollector
[2018.06.12-14.53.07:890][ 20]Launching UnrealBuildTool... [C:/Program Files/Epic Games/UE_4.18/Engine/Binaries/DotNET/UnrealBuildTool.exe BatteryCollector -ModuleWithSuffix BatteryCollector 6703 Win64 Development -editorrecompile -canskiplink "C:/Git_Fast/BatteryCollector/BatteryCollector.uproject" ]
[2018.06.12-14.53.25:167][ 20]CompilerResultsLog: New page: Compilation - Jun 12, 2018, 6:53:25 AM
[2018.06.12-14.53.25:168][ 20]CompilerResultsLog: Using 'git status' to determine working set for adaptive non-unity build.
[2018.06.12-14.53.25:168][ 20]CompilerResultsLog: Creating makefile for hot reloading BatteryCollector (.uproject file is newer)
[2018.06.12-14.53.25:168][ 20]CompilerResultsLog: Compiling game modules for hot reload
[2018.06.12-14.53.25:168][ 20]CompilerResultsLog: Parsing headers for BatteryCollectorEditor
[2018.06.12-14.53.25:169][ 20]CompilerResultsLog:   Running UnrealHeaderTool "C:\Git_Fast\BatteryCollector\BatteryCollector.uproject" "C:\Git_Fast\BatteryCollector\Intermediate\Build\Win64\BatteryCollectorEditor\Development\BatteryCollectorEditor.uhtmanifest" -LogCmds="loginit warning, logexit warning, logdatabase error" -Unattended -WarningsAsErrors -installed
[2018.06.12-14.53.25:169][ 20]CompilerResultsLog: Reflection code generated for BatteryCollectorEditor in 9.4561342 seconds
[2018.06.12-14.53.25:169][ 20]CompilerResultsLog: Performing 5 actions (4 in parallel)
[2018.06.12-14.53.25:169][ 20]CompilerResultsLog: Pickup.cpp
[2018.06.12-14.53.25:169][ 20]CompilerResultsLog: BatteryCollector.init.gen.cpp
[2018.06.12-14.53.25:169][ 20]CompilerResultsLog: Pickup.gen.cpp
[2018.06.12-14.53.25:169][ 20]CompilerResultsLog: [4/5] Link UE4Editor-BatteryCollector-6703.dll
[2018.06.12-14.53.25:170][ 20]CompilerResultsLog: [5/5] Link UE4Editor-BatteryCollector-6703.lib
[2018.06.12-14.53.25:170][ 20]CompilerResultsLog:    Creating library C:\Git_Fast\BatteryCollector\Intermediate\Build\Win64\UE4Editor\Development\UE4Editor-BatteryCollector-6703.lib and object C:\Git_Fast\BatteryCollector\Intermediate\Build\Win64\UE4Editor\Development\UE4Editor-BatteryCollector-6703.exp
[2018.06.12-14.53.25:170][ 20]CompilerResultsLog:    Creating library C:\Git_Fast\BatteryCollector\Intermediate\Build\Win64\UE4Editor\Development\UE4Editor-BatteryCollector-6703.suppressed.lib and object C:\Git_Fast\BatteryCollector\Intermediate\Build\Win64\UE4Editor\Development\UE4Editor-BatteryCollector-6703.suppressed.exp
[2018.06.12-14.53.25:170][ 20]CompilerResultsLog: Total build time: 17.08 seconds (Local executor: 1.43 seconds)
[2018.06.12-14.53.25:170][ 20]LogMainFrame: MainFrame: Module compiling took 17.288 seconds
[2018.06.12-14.53.25:292][ 20]LogClass: Could not find existing class Pickup in package /Script/BatteryCollector for HotReload, assuming new class
[2018.06.12-14.53.25:296][ 20]LogContentBrowser: Native class hierarchy updated for 'BatteryCollector' in 0.0010 seconds. Added 3 classes and 2 folders.
[2018.06.12-14.53.25:299][ 20]Display: HotReload successful (0 functions remapped  0 scriptstructs remapped)
[2018.06.12-14.53.25:385][ 20]LogContentBrowser: Native class hierarchy populated in 0.0098 seconds. Added 2368 classes and 525 folders.
[2018.06.12-14.53.25:388][ 20]Display: HotReload took 17.5s.
[2018.06.12-14.53.25:390][ 20]Warning: HotReload operation took 17.5s.
[2018.06.12-14.53.25:532][ 20]LogHotReload: New module detected: UE4Editor-BatteryCollector-6703.dll
[2018.06.12-14.53.25:587][ 21]LogHotReload: Starting Hot-Reload from IDE
[2018.06.12-14.53.25:721][ 21]LogContentBrowser: Native class hierarchy updated for 'BatteryCollector' in 0.0008 seconds. Added 3 classes and 2 folders.
[2018.06.12-14.53.25:723][ 21]Display: HotReload successful (0 functions remapped  0 scriptstructs remapped)
[2018.06.12-14.53.25:743][ 21]LogContentBrowser: Native class hierarchy populated in 0.0094 seconds. Added 2368 classes and 525 folders.
[2018.06.12-14.53.25:753][ 21]Display: HotReload took  0.2s.
[2018.06.12-14.54.00:556][234]LogVSAccessor: Warning: Visual Studio is open but could not be queried - it may be blocked by a modal operation
[2018.06.12-14.54.00:885][235]LogVSAccessor: Warning: Visual Studio is open but could not be queried - it may be blocked by a modal operation
[2018.06.12-14.54.01:219][236]LogVSAccessor: Warning: Visual Studio is open but could not be queried - it may be blocked by a modal operation
[2018.06.12-14.54.01:554][237]LogVSAccessor: Warning: Visual Studio is open but could not be queried - it may be blocked by a modal operation
[2018.06.12-14.54.01:885][238]LogVSAccessor: Warning: Visual Studio is open but could not be queried - it may be blocked by a modal operation
[2018.06.12-14.54.03:629][239]LogVSAccessor: Warning: Visual Studio is open but could not be queried - it may be blocked by a modal operation
[2018.06.12-14.55.14:239][442]LogVSAccessor: Warning: Visual Studio is open but could not be queried - it may be blocked by a modal operation
[2018.06.12-14.55.14:350][443]LogVSAccessor: Warning: Visual Studio is open but could not be queried - it may be blocked by a modal operation
[2018.06.12-14.55.18:482][727]Cmd: OBJ SAVEPACKAGE PACKAGE="/Game/Maps/CollectionLevel" FILE="../../../../../../Git_Fast/BatteryCollector/Content/Maps/CollectionLevel.umap" SILENT=true AUTOSAVING=false KEEPDIRTY=false
[2018.06.12-14.55.18:621][727]LogSavePackage: Save=119.71ms
[2018.06.12-14.55.18:622][727]LogSavePackage: Moving '../../../../../../Git_Fast/BatteryCollector/Saved/CollectionLevel06ADA759447300DA6B595BB822334F40.tmp' to '../../../../../../Git_Fast/BatteryCollector/Content/Maps/CollectionLevel.umap'
[2018.06.12-14.55.18:623][727]LogSavePackage: Display: Finished SavePackage ../../../../../../Git_Fast/BatteryCollector/Content/Maps/CollectionLevel.umap
[2018.06.12-14.55.18:643][727]Cmd: OBJ SAVEPACKAGE PACKAGE="/Game/Maps/CollectionLevel_BuiltData" FILE="../../../../../../Git_Fast/BatteryCollector/Content/Maps/CollectionLevel_BuiltData.uasset" SILENT=true
[2018.06.12-14.55.18:907][727]LogSavePackage: Save=248.46ms
[2018.06.12-14.55.18:907][727]LogSavePackage: Moving '../../../../../../Git_Fast/BatteryCollector/Saved/CollectionLevel_BuiltData8051689E446EDA0CE95592861F7975C5.tmp' to '../../../../../../Git_Fast/BatteryCollector/Content/Maps/CollectionLevel_BuiltData.uasset'
[2018.06.12-14.55.18:909][727]LogSavePackage: Display: Finished SavePackage ../../../../../../Git_Fast/BatteryCollector/Content/Maps/CollectionLevel_BuiltData.uasset
[2018.06.12-14.55.34:761][455]LogTemp: Repeating last play command: Selected Viewport
[2018.06.12-14.55.34:780][455]LogPlayLevel: PlayLevel: No blueprints needed recompiling
[2018.06.12-14.55.34:780][455]PIE: New page: PIE session: CollectionLevel (Jun 12, 2018, 6:55:34 AM)
[2018.06.12-14.55.34:780][455]LogPlayLevel: Creating play world package: /Game/Maps/UEDPIE_0_CollectionLevel
[2018.06.12-14.55.34:800][455]LogPlayLevel: PIE: StaticDuplicateObject took: (0.019502s)
[2018.06.12-14.55.34:801][455]LogAIModule: Creating AISystem for world CollectionLevel
[2018.06.12-14.55.34:801][455]LogPlayLevel: PIE: World Init took: (0.001020s)
[2018.06.12-14.55.34:801][455]LogPlayLevel: PIE: Created PIE world by copying editor world from /Game/Maps/CollectionLevel.CollectionLevel to /Game/Maps/UEDPIE_0_CollectionLevel.CollectionLevel (0.021001s)
[2018.06.12-14.55.34:819][455]LogInit: XAudio2 using 'LG ULTRAWIDE (NVIDIA High Definition Audio)' : 2 channels at 48 kHz using 16 bits per sample (channel mask 0x3)
[2018.06.12-14.55.34:828][455]LogInit: FAudioDevice initialized.
[2018.06.12-14.55.34:861][455]LogLoad: Game class is 'BatteryCollectorGameMode'
[2018.06.12-14.55.34:864][455]LogWorld: Bringing World /Game/Maps/UEDPIE_0_CollectionLevel.CollectionLevel up for play (max tick rate 0) at 2018.06.12-10.55.34
[2018.06.12-14.55.34:865][455]LogWorld: Bringing up level for play took: 0.001690
[2018.06.12-14.55.34:867][455]PIE: Play in editor start time for /Game/Maps/UEDPIE_0_CollectionLevel -0.373
[2018.06.12-14.55.36:800][670]LogVSAccessor: Warning: Couldn't access Visual Studio
[2018.06.12-14.55.36:807][670]Candidate modules for hot reload:
[2018.06.12-14.55.36:807][670]  BatteryCollector
[2018.06.12-14.55.36:807][670]Launching UnrealBuildTool... [C:/Program Files/Epic Games/UE_4.18/Engine/Binaries/DotNET/UnrealBuildTool.exe BatteryCollector -ModuleWithSuffix BatteryCollector 9312 Win64 Development -editorrecompile -canskiplink "C:/Git_Fast/BatteryCollector/BatteryCollector.uproject" ]
[2018.06.12-14.55.36:810][670]Warning: Starting HotReload took  0.0s.
[2018.06.12-14.55.43:376][ 42]CompilerResultsLog: New page: Compilation - Jun 12, 2018, 6:55:43 AM
[2018.06.12-14.55.43:376][ 42]CompilerResultsLog: Using 'git status' to determine working set for adaptive non-unity build.
[2018.06.12-14.55.43:376][ 42]CompilerResultsLog: Creating makefile for hot reloading BatteryCollector (modules to compile have changed)
[2018.06.12-14.55.43:376][ 42]CompilerResultsLog: Compiling game modules for hot reload
[2018.06.12-14.55.43:376][ 42]CompilerResultsLog: Target is up to date
[2018.06.12-14.55.43:376][ 42]CompilerResultsLog: Total build time: 6.13 seconds (NoActionsToExecute executor: 0.00 seconds)
[2018.06.12-14.55.43:376][ 42]LogMainFrame: MainFrame: Module compiling took 6.577 seconds
[2018.06.12-14.55.43:398][ 42]LogContentBrowser: Native class hierarchy populated in 0.0106 seconds. Added 2368 classes and 525 folders.
[2018.06.12-14.55.43:401][ 42]Display: HotReload took  6.6s.
